<?xml version="1.0" encoding="UTF-8"?>
<!-- Generated by org.testng.reporters.JUnitReportReporter -->
<testsuite hostname="QA_PC" name="seleniumCommands.LinkCountInSelenium" tests="1" failures="0" timestamp="6 Feb 2018 05:47:20 GMT" time="0.089" errors="0">
  <testcase name="linkCount" time="0.089" classname="seleniumCommands.LinkCountInSelenium"/>
</testsuite> <!-- seleniumCommands.LinkCountInSelenium -->
