<?xml version="1.0" encoding="UTF-8"?>
<!-- Generated by org.testng.reporters.JUnitReportReporter -->
<testsuite hostname="QA_PC" name="com.Best.ReverseAuction.p1109.TC_001ValidLogin" tests="1" failures="0" timestamp="5 Jan 2018 05:24:07 GMT" time="1.126" errors="0">
  <testcase name="disLogin" time="1.126" classname="com.Best.ReverseAuction.p1109.TC_001ValidLogin"/>
</testsuite> <!-- com.Best.ReverseAuction.p1109.TC_001ValidLogin -->
