<?xml version="1.0" encoding="UTF-8"?>
<!-- Generated by org.testng.reporters.JUnitReportReporter -->
<testsuite hostname="QA_PC" name="KeyBoardActions.keyboardActions" tests="1" failures="0" timestamp="29 Jan 2018 06:24:37 GMT" time="7.931" errors="0">
  <testcase name="test1" time="7.931" classname="KeyBoardActions.keyboardActions"/>
</testsuite> <!-- KeyBoardActions.keyboardActions -->
