<?xml version="1.0" encoding="UTF-8"?>
<!-- Generated by org.testng.reporters.JUnitReportReporter -->
<testsuite hostname="QA_PC" name="KeyBoardActions.TestClass" tests="1" failures="0" timestamp="23 Jan 2018 06:58:53 GMT" time="10.908" errors="0">
  <testcase name="test1" time="10.908" classname="KeyBoardActions.TestClass"/>
</testsuite> <!-- KeyBoardActions.TestClass -->
