<?xml version="1.0" encoding="UTF-8"?>
<!-- Generated by org.testng.reporters.JUnitReportReporter -->
<testsuite hostname="QA_PC" name="KeyBoardNWindowHandle.keyboardActions" tests="1" failures="0" timestamp="29 Jan 2018 06:43:26 GMT" time="6.341" errors="0">
  <testcase name="test1" time="6.341" classname="KeyBoardNWindowHandle.keyboardActions"/>
</testsuite> <!-- KeyBoardNWindowHandle.keyboardActions -->
